cze 01, 2025 8:43:23 PM org.java.lab6again.HelloApplication start
INFO: Uruchomiono aplikację.
cze 01, 2025 8:43:50 PM org.java.lab6again.HelloApplication lambda$start$0
INFO: Zamknięto aplikację.
cze 01, 2025 8:54:09 PM org.java.lab6again.HelloApplication start
INFO: Uruchomiono aplikację.
cze 01, 2025 8:54:20 PM org.java.lab6again.HelloApplication lambda$start$2
INFO: Wykonano operację: Załadowanie obrazu
cze 01, 2025 8:54:24 PM org.java.lab6again.HelloApplication applyEdgeDetection
INFO: Wykonano operację: Konturowanie
cze 01, 2025 8:54:39 PM org.java.lab6again.HelloApplication lambda$showScaleDialog$1
INFO: Wykonano operację: Skalowanie
cze 01, 2025 8:54:40 PM org.java.lab6again.HelloApplication rotateImage
INFO: Wykonano operację: Obrót obrazu
cze 01, 2025 8:54:44 PM org.java.lab6again.HelloApplication rotateImage
INFO: Wykonano operację: Obrót obrazu
cze 01, 2025 8:54:45 PM org.java.lab6again.HelloApplication rotateImage
INFO: Wykonano operację: Obrót obrazu
cze 01, 2025 8:54:46 PM org.java.lab6again.HelloApplication rotateImage
INFO: Wykonano operację: Obrót obrazu
cze 01, 2025 8:54:58 PM org.java.lab6again.HelloApplication showSaveDialog
INFO: Wykonano operację: Zapisywanie obrazu
cze 01, 2025 8:55:51 PM org.java.lab6again.HelloApplication rotateImage
INFO: Wykonano operację: Obrót obrazu
cze 01, 2025 8:55:51 PM org.java.lab6again.HelloApplication rotateImage
INFO: Wykonano operację: Obrót obrazu
cze 01, 2025 8:55:57 PM org.java.lab6again.HelloApplication lambda$applyNegative$1
INFO: Wykonano operację: Negatyw
cze 01, 2025 8:56:01 PM org.java.lab6again.HelloApplication applyThreshold
INFO: Wykonano operację: Progowanie
cze 01, 2025 8:56:07 PM org.java.lab6again.HelloApplication lambda$start$0
INFO: Zamknięto aplikację.
cze 01, 2025 8:57:46 PM org.java.lab6again.HelloApplication start
INFO: Uruchomiono aplikację.
cze 05, 2025 11:25:02 AM org.java.lab6again.HelloApplication start
INFO: Uruchomiono aplikację.
cze 05, 2025 11:27:35 AM org.java.lab6again.HelloApplication lambda$start$2
INFO: Wykonano operację: Załadowanie obrazu
cze 05, 2025 11:27:40 AM org.java.lab6again.HelloApplication lambda$applyNegative$1
INFO: Wykonano operację: Negatyw
cze 05, 2025 11:27:48 AM org.java.lab6again.HelloApplication lambda$showScaleDialog$1
INFO: Wykonano operację: Skalowanie
cze 05, 2025 11:27:57 AM org.java.lab6again.HelloApplication lambda$showScaleDialog$0
SEVERE: Błąd podczas skalowania: java.lang.NumberFormatException: For input string: "abc"
cze 05, 2025 11:28:04 AM org.java.lab6again.HelloApplication lambda$showScaleDialog$0
SEVERE: Błąd podczas skalowania: java.lang.NumberFormatException: For input string: "123q"
cze 05, 2025 11:28:11 AM org.java.lab6again.HelloApplication lambda$showScaleDialog$0
SEVERE: Błąd podczas skalowania: java.lang.NumberFormatException: For input string: "123q"
cze 05, 2025 11:28:47 AM org.java.lab6again.HelloApplication rotateImage
INFO: Wykonano operację: Obrót obrazu
cze 05, 2025 11:28:47 AM org.java.lab6again.HelloApplication rotateImage
INFO: Wykonano operację: Obrót obrazu
cze 05, 2025 11:28:48 AM org.java.lab6again.HelloApplication rotateImage
INFO: Wykonano operację: Obrót obrazu
cze 05, 2025 11:28:48 AM org.java.lab6again.HelloApplication rotateImage
INFO: Wykonano operację: Obrót obrazu
cze 05, 2025 11:28:49 AM org.java.lab6again.HelloApplication rotateImage
INFO: Wykonano operację: Obrót obrazu
cze 05, 2025 11:28:49 AM org.java.lab6again.HelloApplication rotateImage
INFO: Wykonano operację: Obrót obrazu
cze 05, 2025 11:28:49 AM org.java.lab6again.HelloApplication rotateImage
INFO: Wykonano operację: Obrót obrazu
cze 05, 2025 11:28:49 AM org.java.lab6again.HelloApplication rotateImage
INFO: Wykonano operację: Obrót obrazu
cze 05, 2025 11:30:16 AM org.java.lab6again.HelloApplication lambda$start$2
INFO: Wykonano operację: Załadowanie obrazu
cze 05, 2025 11:31:53 AM org.java.lab6again.HelloApplication showSaveDialog
INFO: Wykonano operację: Zapisywanie obrazu
cze 05, 2025 11:32:03 AM org.java.lab6again.HelloApplication showSaveDialog
INFO: Wykonano operację: Zapisywanie obrazu
cze 05, 2025 11:33:48 AM org.java.lab6again.HelloApplication start
INFO: Uruchomiono aplikację.
cze 05, 2025 11:33:56 AM org.java.lab6again.HelloApplication lambda$start$2
INFO: Wykonano operację: Załadowanie obrazu
cze 05, 2025 11:34:00 AM org.java.lab6again.HelloApplication applyThreshold
INFO: Wykonano operację: Progowanie
cze 05, 2025 11:34:06 AM org.java.lab6again.HelloApplication showSaveDialog
INFO: Wykonano operację: Zapisywanie obrazu
cze 05, 2025 11:34:30 AM org.java.lab6again.HelloApplication lambda$start$0
INFO: Zamknięto aplikację.
cze 05, 2025 11:35:37 AM org.java.lab6again.HelloApplication start
INFO: Uruchomiono aplikację.
cze 05, 2025 11:35:45 AM org.java.lab6again.HelloApplication lambda$start$2
INFO: Wykonano operację: Załadowanie obrazu
cze 05, 2025 11:35:58 AM org.java.lab6again.HelloApplication lambda$start$0
INFO: Zamknięto aplikację.
cze 05, 2025 11:39:06 AM org.java.lab6again.HelloApplication start
INFO: Uruchomiono aplikację.
cze 05, 2025 11:39:12 AM org.java.lab6again.HelloApplication lambda$start$2
INFO: Wykonano operację: Załadowanie obrazu
cze 05, 2025 11:39:51 AM org.java.lab6again.HelloApplication lambda$start$0
INFO: Zamknięto aplikację.
cze 05, 2025 11:40:22 AM org.java.lab6again.HelloApplication start
INFO: Uruchomiono aplikację.
cze 05, 2025 11:40:30 AM org.java.lab6again.HelloApplication lambda$start$2
INFO: Wykonano operację: Załadowanie obrazu
cze 05, 2025 11:40:54 AM org.java.lab6again.HelloApplication lambda$showScaleDialog$0
SEVERE: Błąd podczas skalowania: java.lang.NumberFormatException: For input string: "1000000000000"
cze 05, 2025 11:41:20 AM org.java.lab6again.HelloApplication lambda$showScaleDialog$0
SEVERE: Błąd podczas skalowania: java.lang.NumberFormatException: For input string: "0x7fffffff"
cze 05, 2025 11:41:39 AM org.java.lab6again.HelloApplication rotateImage
INFO: Wykonano operację: Obrót obrazu
cze 05, 2025 11:41:40 AM org.java.lab6again.HelloApplication rotateImage
INFO: Wykonano operację: Obrót obrazu
cze 05, 2025 11:41:40 AM org.java.lab6again.HelloApplication rotateImage
INFO: Wykonano operację: Obrót obrazu
cze 05, 2025 11:41:40 AM org.java.lab6again.HelloApplication rotateImage
INFO: Wykonano operację: Obrót obrazu
cze 05, 2025 11:41:48 AM org.java.lab6again.HelloApplication rotateImage
INFO: Wykonano operację: Obrót obrazu
cze 05, 2025 11:41:48 AM org.java.lab6again.HelloApplication rotateImage
INFO: Wykonano operację: Obrót obrazu
cze 05, 2025 11:41:49 AM org.java.lab6again.HelloApplication rotateImage
INFO: Wykonano operację: Obrót obrazu
cze 05, 2025 11:41:49 AM org.java.lab6again.HelloApplication rotateImage
INFO: Wykonano operację: Obrót obrazu
cze 05, 2025 11:41:50 AM org.java.lab6again.HelloApplication rotateImage
INFO: Wykonano operację: Obrót obrazu
cze 05, 2025 11:41:50 AM org.java.lab6again.HelloApplication rotateImage
INFO: Wykonano operację: Obrót obrazu
cze 05, 2025 11:41:50 AM org.java.lab6again.HelloApplication rotateImage
INFO: Wykonano operację: Obrót obrazu
cze 05, 2025 11:41:50 AM org.java.lab6again.HelloApplication rotateImage
INFO: Wykonano operację: Obrót obrazu
cze 05, 2025 11:41:53 AM org.java.lab6again.HelloApplication rotateImage
INFO: Wykonano operację: Obrót obrazu
cze 05, 2025 11:41:54 AM org.java.lab6again.HelloApplication rotateImage
INFO: Wykonano operację: Obrót obrazu
cze 05, 2025 11:41:55 AM org.java.lab6again.HelloApplication rotateImage
INFO: Wykonano operację: Obrót obrazu
cze 05, 2025 11:41:57 AM org.java.lab6again.HelloApplication rotateImage
INFO: Wykonano operację: Obrót obrazu
cze 05, 2025 11:41:58 AM org.java.lab6again.HelloApplication rotateImage
INFO: Wykonano operację: Obrót obrazu
cze 05, 2025 11:41:58 AM org.java.lab6again.HelloApplication rotateImage
INFO: Wykonano operację: Obrót obrazu
cze 05, 2025 11:42:18 AM org.java.lab6again.HelloApplication lambda$applyNegative$1
INFO: Wykonano operację: Negatyw
cze 05, 2025 11:42:54 AM org.java.lab6again.HelloApplication applyThreshold
INFO: Wykonano operację: Progowanie
cze 05, 2025 11:45:05 AM org.java.lab6again.HelloApplication start
INFO: Uruchomiono aplikację.
cze 05, 2025 11:45:15 AM org.java.lab6again.HelloApplication lambda$start$2
INFO: Wykonano operację: Załadowanie obrazu
cze 05, 2025 11:45:22 AM org.java.lab6again.HelloApplication applyThreshold
INFO: Wykonano operację: Progowanie
cze 05, 2025 11:45:23 AM org.java.lab6again.HelloApplication lambda$start$0
INFO: Zamknięto aplikację.
cze 05, 2025 11:50:26 AM org.java.lab6again.HelloApplication start
INFO: Uruchomiono aplikację.
cze 05, 2025 11:50:32 AM org.java.lab6again.HelloApplication lambda$start$0
INFO: Zamknięto aplikację.
cze 05, 2025 11:57:21 AM org.java.lab6again.HelloApplication start
INFO: Uruchomiono aplikację.
cze 05, 2025 11:57:27 AM org.java.lab6again.HelloApplication lambda$start$2
INFO: Wykonano operację: Załadowanie obrazu
cze 05, 2025 11:57:30 AM org.java.lab6again.HelloApplication lambda$applyNegative$1
INFO: Wykonano operację: Negatyw
cze 05, 2025 11:57:43 AM org.java.lab6again.HelloApplication showSaveDialog
INFO: Wykonano operację: Zapisywanie obrazu
cze 05, 2025 12:01:25 PM org.java.lab6again.HelloApplication start
INFO: Uruchomiono aplikację.
cze 05, 2025 12:01:35 PM org.java.lab6again.HelloApplication lambda$start$2
INFO: Wykonano operację: Załadowanie obrazu
cze 05, 2025 12:01:43 PM org.java.lab6again.HelloApplication applyThreshold
INFO: Wykonano operację: Progowanie
cze 05, 2025 12:11:07 PM org.java.lab6again.HelloApplication showSaveDialog
INFO: Wykonano operację: Zapisywanie obrazu
cze 05, 2025 12:11:43 PM org.java.lab6again.HelloApplication showSaveDialog
INFO: Wykonano operację: Zapisywanie obrazu
cze 05, 2025 12:17:01 PM org.java.lab6again.HelloApplication showSaveDialog
INFO: Wykonano operację: Zapisywanie obrazu
cze 05, 2025 12:21:05 PM org.java.lab6again.HelloApplication start
INFO: Uruchomiono aplikację.
cze 05, 2025 12:21:13 PM org.java.lab6again.HelloApplication lambda$start$2
INFO: Wykonano operację: Załadowanie obrazu
cze 05, 2025 12:21:16 PM org.java.lab6again.HelloApplication lambda$applyNegative$1
INFO: Wykonano operację: Negatyw
cze 05, 2025 12:21:24 PM org.java.lab6again.HelloApplication showSaveDialog
INFO: Wykonano operację: Zapisywanie obrazu
cze 05, 2025 12:24:37 PM org.java.lab6again.HelloApplication start
INFO: Uruchomiono aplikację.
cze 05, 2025 12:24:44 PM org.java.lab6again.HelloApplication lambda$start$2
INFO: Wykonano operację: Załadowanie obrazu
cze 05, 2025 12:24:55 PM org.java.lab6again.HelloApplication showSaveDialog
INFO: Wykonano operację: Zapisywanie obrazu
cze 05, 2025 12:25:01 PM org.java.lab6again.HelloApplication lambda$applyNegative$1
INFO: Wykonano operację: Negatyw
cze 05, 2025 12:25:05 PM org.java.lab6again.HelloApplication showSaveDialog
INFO: Wykonano operację: Zapisywanie obrazu
cze 05, 2025 12:27:20 PM org.java.lab6again.HelloApplication start
INFO: Uruchomiono aplikację.
cze 05, 2025 12:27:26 PM org.java.lab6again.HelloApplication lambda$start$2
INFO: Wykonano operację: Załadowanie obrazu
cze 05, 2025 12:27:29 PM org.java.lab6again.HelloApplication lambda$applyNegative$1
INFO: Wykonano operację: Negatyw
cze 05, 2025 12:27:39 PM org.java.lab6again.HelloApplication showSaveDialog
INFO: Wykonano operację: Zapisywanie obrazu
cze 05, 2025 12:29:21 PM org.java.lab6again.HelloApplication start
INFO: Uruchomiono aplikację.
cze 05, 2025 12:29:32 PM org.java.lab6again.HelloApplication lambda$start$2
INFO: Wykonano operację: Załadowanie obrazu
cze 05, 2025 12:29:35 PM org.java.lab6again.HelloApplication lambda$applyNegative$1
INFO: Wykonano operację: Negatyw
cze 05, 2025 12:29:43 PM org.java.lab6again.HelloApplication showSaveDialog
INFO: Wykonano operację: Zapisywanie obrazu
cze 05, 2025 12:31:22 PM org.java.lab6again.HelloApplication start
INFO: Uruchomiono aplikację.
cze 05, 2025 12:31:28 PM org.java.lab6again.HelloApplication lambda$start$2
INFO: Wykonano operację: Załadowanie obrazu
cze 05, 2025 12:31:30 PM org.java.lab6again.HelloApplication lambda$applyNegative$1
INFO: Wykonano operację: Negatyw
cze 05, 2025 12:31:36 PM org.java.lab6again.HelloApplication showSaveDialog
INFO: Wykonano operację: Zapisywanie obrazu
cze 05, 2025 12:31:43 PM org.java.lab6again.HelloApplication lambda$start$0
INFO: Zamknięto aplikację.
cze 05, 2025 1:15:21 PM org.java.lab6again.HelloApplication start
INFO: Uruchomiono aplikację.
cze 05, 2025 1:15:30 PM org.java.lab6again.HelloApplication lambda$start$2
INFO: Wykonano operację: Załadowanie obrazu
cze 05, 2025 1:19:40 PM org.java.lab6again.HelloApplication start
INFO: Uruchomiono aplikację.
cze 05, 2025 1:19:50 PM org.java.lab6again.HelloApplication lambda$start$2
INFO: Wykonano operację: Załadowanie obrazu
cze 05, 2025 1:19:59 PM org.java.lab6again.HelloApplication lambda$showSaveDialog$1
INFO: Zapisano obraz jako: C:\Users\jk123\Documents\Pictures\asd.jpg
cze 05, 2025 1:20:02 PM org.java.lab6again.HelloApplication lambda$start$0
INFO: Zamknięto aplikację.
cze 05, 2025 1:23:13 PM org.java.lab6again.HelloApplication start
INFO: Uruchomiono aplikację.
cze 05, 2025 1:23:24 PM org.java.lab6again.HelloApplication lambda$start$2
INFO: Wykonano operację: Załadowanie obrazu
cze 05, 2025 1:23:38 PM org.java.lab6again.HelloApplication applyThreshold
INFO: Wykonano operację: Progowanie
cze 05, 2025 1:24:40 PM org.java.lab6again.HelloApplication lambda$showSaveDialog$1
INFO: Wykonano operację: Zapisywanie obrazu
cze 05, 2025 1:26:04 PM org.java.lab6again.HelloApplication start
INFO: Uruchomiono aplikację.
cze 05, 2025 1:26:13 PM org.java.lab6again.HelloApplication lambda$start$2
INFO: Wykonano operację: Załadowanie obrazu
cze 05, 2025 1:26:21 PM org.java.lab6again.HelloApplication lambda$applyNegative$1
INFO: Wykonano operację: Negatyw
cze 05, 2025 1:26:45 PM org.java.lab6again.HelloApplication showSaveDialog
INFO: Wykonano operację: Zapisano obraz jako: qwee.jpg
cze 05, 2025 1:29:27 PM org.java.lab6again.HelloApplication applyEdgeDetection
INFO: Wykonano operację: Konturowanie
cze 05, 2025 1:55:19 PM org.java.lab6again.HelloApplication start
INFO: Uruchomiono aplikację.
cze 05, 2025 1:55:21 PM org.java.lab6again.HelloApplication lambda$start$0
INFO: Zamknięto aplikację.
cze 05, 2025 2:05:36 PM org.java.lab6again.HelloApplication start
INFO: Uruchomiono aplikację.
cze 05, 2025 2:05:43 PM org.java.lab6again.HelloApplication lambda$start$2
INFO: Wykonano operację: Załadowanie obrazu
cze 05, 2025 2:05:45 PM org.java.lab6again.HelloApplication lambda$applyNegative$3
INFO: Wykonano operację: Negatyw
cze 05, 2025 2:05:47 PM org.java.lab6again.HelloApplication lambda$start$0
INFO: Zamknięto aplikację.
cze 05, 2025 2:17:58 PM org.java.lab6again.HelloApplication start
INFO: Uruchomiono aplikację.
cze 05, 2025 2:29:57 PM org.java.lab6again.ImageAppController initialize
INFO: Uruchomiono aplikację.
cze 05, 2025 2:30:02 PM org.java.lab6again.ImageAppController lambda$initialize$0
INFO: Zamknięto aplikację.
cze 05, 2025 5:37:21 PM org.java.lab6again.ImageAppController initialize
INFO: Uruchomiono aplikację.
cze 05, 2025 5:37:27 PM org.java.lab6again.ImageAppController lambda$initialize$2
INFO: Wykonano operację: Załadowanie obrazu
cze 05, 2025 5:37:33 PM org.java.lab6again.ImageAppController applyEdgeDetection
INFO: Wykonano operację: Konturowanie
cze 05, 2025 5:37:40 PM org.java.lab6again.ImageAppController lambda$showScaleDialog$0
SEVERE: Błąd podczas skalowania: java.lang.NumberFormatException: For input string: "fsd"
cze 05, 2025 5:37:51 PM org.java.lab6again.ImageAppController lambda$showScaleDialog$0
SEVERE: Błąd podczas skalowania: java.lang.NumberFormatException: For input string: "333333333333"
cze 05, 2025 5:37:55 PM org.java.lab6again.ImageAppController lambda$showScaleDialog$1
INFO: Wykonano operację: Skalowanie
cze 05, 2025 5:38:01 PM org.java.lab6again.ImageAppController lambda$showScaleDialog$1
INFO: Wykonano operację: Skalowanie
cze 05, 2025 5:38:06 PM org.java.lab6again.ImageAppController lambda$showScaleDialog$1
INFO: Wykonano operację: Skalowanie
cze 05, 2025 5:38:11 PM org.java.lab6again.ImageAppController rotateImage
INFO: Wykonano operację: Obrót obrazu
cze 05, 2025 5:38:12 PM org.java.lab6again.ImageAppController rotateImage
INFO: Wykonano operację: Obrót obrazu
cze 05, 2025 5:38:13 PM org.java.lab6again.ImageAppController rotateImage
INFO: Wykonano operację: Obrót obrazu
cze 05, 2025 5:38:13 PM org.java.lab6again.ImageAppController rotateImage
INFO: Wykonano operację: Obrót obrazu
cze 05, 2025 5:38:14 PM org.java.lab6again.ImageAppController rotateImage
INFO: Wykonano operację: Obrót obrazu
cze 05, 2025 5:38:14 PM org.java.lab6again.ImageAppController rotateImage
INFO: Wykonano operację: Obrót obrazu
cze 05, 2025 5:38:14 PM org.java.lab6again.ImageAppController rotateImage
INFO: Wykonano operację: Obrót obrazu
cze 05, 2025 5:38:16 PM org.java.lab6again.ImageAppController rotateImage
INFO: Wykonano operację: Obrót obrazu
cze 05, 2025 5:38:20 PM org.java.lab6again.ImageAppController lambda$applyNegative$3
INFO: Wykonano operację: Negatyw
cze 05, 2025 5:38:24 PM org.java.lab6again.ImageAppController applyEdgeDetection
INFO: Wykonano operację: Konturowanie
cze 05, 2025 5:38:35 PM org.java.lab6again.ImageAppController showSaveDialog
INFO: Wykonano operację: Zapisano obraz jako: werr.jpg
cze 12, 2025 5:29:41 PM org.java.lab6again.ImageAppController initialize
INFO: Uruchomiono aplikację.
cze 12, 2025 5:29:52 PM org.java.lab6again.ImageAppController lambda$initialize$0
INFO: Zamknięto aplikację.
